<?xml version="1.0" encoding="UTF-8"?>
<!-- Generated by org.testng.reporters.JUnitXMLReporter -->
<testsuite ignored="0" hostname="LAPTOP-HSEDIC80" failures="0" tests="14" name="Honohr pulse Create Survey sanity test" time="51.487" errors="0" timestamp="2023-03-21T10:50:55 IST">
  <testcase classname="com.honohr.pulse.configuration.test.HonohrPulseCreateSurveyDefineEngagementParameterTest" name="verifyConfiguration" time="0.96"/>
  <testcase classname="com.honohr.pulse.configuration.test.HonohrPulseCreateSurveyDefineEngagementParameterTest" name="verifyAddNewEngagementParameterWithEmptyFields" time="3.569"/>
  <testcase classname="com.honohr.pulse.configuration.test.HonohrPulseCreateSurveyDefineEngagementParameterTest" name="verifyAddNewEngagementParameterWithOnlyEngagementParameterName" time="1.612"/>
  <testcase classname="com.honohr.pulse.configuration.test.HonohrPulseCreateSurveyDefineEngagementParameterTest" name="verifyAddNewEngagementParameterWithoutEngagementParameterName" time="2.835"/>
  <testcase classname="com.honohr.pulse.configuration.test.HonohrPulseCreateSurveyDefineEngagementParameterTest" name="verifyAddNewEngagementParameterWithoutScaleEndValue" time="3.636"/>
  <testcase classname="com.honohr.pulse.configuration.test.HonohrPulseCreateSurveyDefineEngagementParameterTest" name="verifyAddNewEngagementParameterWithoutScaleStartValue" time="3.139"/>
  <testcase classname="com.honohr.pulse.configuration.test.HonohrPulseCreateSurveyDefineEngagementParameterTest" name="verifyAddNewEngagementParameterWithAllValues" time="4.315"/>
  <testcase classname="com.honohr.pulse.configuration.test.HonohrPulseCreateSurveyDefineEngagementParameterTest" name="verifyAddNewSubParameter" time="1.103"/>
  <testcase classname="com.honohr.pulse.configuration.test.HonohrPulseCreateSurveyDefineEngagementParameterTest" name="verifyAddNewSubParameterByLeavingEngagementparameter" time="1.111"/>
  <testcase classname="com.honohr.pulse.configuration.test.HonohrPulseCreateSurveyDefineEngagementParameterTest" name="verifyAddNewSubParameterByGivingEngagementParameterName" time="2.81"/>
  <testcase classname="com.honohr.pulse.configuration.test.HonohrPulseCreateSurveyDefineEngagementParameterTest" name="verifyUpdateEngagementParameterNameWithEmptyValue" time="2.494"/>
  <testcase classname="com.honohr.pulse.configuration.test.HonohrPulseCreateSurveyDefineEngagementParameterTest" name="verifyUpdateEngagementParameterWithEmptyScaleStartValue" time="2.934"/>
  <testcase classname="com.honohr.pulse.configuration.test.HonohrPulseCreateSurveyDefineEngagementParameterTest" name="verifyUpdateEngagementParameterWithEmptyScaleEndValue" time="2.941"/>
  <testcase classname="com.honohr.pulse.configuration.test.HonohrPulseCreateSurveyDefineEngagementParameterTest" name="verifyUpdateEngagementParameterWithEmptyScaleStartAndEndValues" time="3.847"/>
</testsuite> <!-- Honohr pulse Create Survey sanity test -->
