<?xml version="1.0" encoding="UTF-8"?>
<!-- Generated by org.testng.reporters.JUnitXMLReporter -->
<testsuite ignored="0" hostname="LAPTOP-HSEDIC80" failures="0" tests="10" name="Honohr Create Survey sanity" time="161.582" errors="0" timestamp="2023-02-23T10:11:06 IST">
  <testcase classname="com.honohr.pulse.createsurvey.test.HonohrPulseCreateSurveyTest" name="verifyDashboard" time="1.128"/>
  <testcase classname="com.honohr.pulse.createsurvey.test.HonohrPulseCreateSurveyTest" name="verifyCreateSurveyGeneralTabDetails" time="1.368"/>
  <testcase classname="com.honohr.pulse.createsurvey.test.HonohrPulseCreateSurveyTest" name="verifyCreateSurveyTextQuestionDetails" time="31.189"/>
  <testcase classname="com.honohr.pulse.createsurvey.test.HonohrPulseCreateSurveyTest" name="verifyCreateSurveyImageTypeQuestionDetails" time="30.56"/>
  <testcase classname="com.honohr.pulse.createsurvey.test.HonohrPulseCreateSurveyTest" name="verifyCreateSurveyAudioTypeQuestionDetails" time="30.392"/>
  <testcase classname="com.honohr.pulse.createsurvey.test.HonohrPulseCreateSurveyTest" name="verifyCreateSurveyVideoTypeQuestionDetails" time="30.393"/>
  <testcase classname="com.honohr.pulse.createsurvey.test.HonohrPulseCreateSurveyTest" name="verifyCreateSurveyDesignTabDetails" time="0.749"/>
  <testcase classname="com.honohr.pulse.createsurvey.test.HonohrPulseCreateSurveyTest" name="verifyCreateSurveyWelcomeTabDetails" time="7.306"/>
  <testcase classname="com.honohr.pulse.createsurvey.test.HonohrPulseCreateSurveyTest" name="verifyCreateSurveyThankYouTabDetails" time="13.196"/>
  <testcase classname="com.honohr.pulse.createsurvey.test.HonohrPulseCreateSurveyTest" name="verifyCreateSurveyPreviewDetails" time="0.215"/>
</testsuite> <!-- Honohr Create Survey sanity -->
