<?xml version="1.0" encoding="UTF-8"?>
<!-- Generated by org.testng.reporters.JUnitXMLReporter -->
<testsuite ignored="0" hostname="LAPTOP-HSEDIC80" failures="0" tests="13" name="Honohr pulse Create Survey sanity test suit" time="209.555" errors="0" timestamp="2023-02-24T09:56:29 IST">
  <testcase classname="com.honohr.pulse.createsurvey.test.HonohrPulseCreateSurveyTest" name="verifyDashboard" time="0.851"/>
  <testcase classname="com.honohr.pulse.createsurvey.test.HonohrPulseCreateSurveyTest" name="verifyCreateSurveyGeneralTabDetails" time="1.287"/>
  <testcase classname="com.honohr.pulse.createsurvey.test.HonohrPulseCreateSurveyTest" name="verifyCreateSurveyTextQuestionDetails" time="30.795"/>
  <testcase classname="com.honohr.pulse.createsurvey.test.HonohrPulseCreateSurveyTest" name="verifyCreateSurveyImageTypeQuestionDetails" time="30.312"/>
  <testcase classname="com.honohr.pulse.createsurvey.test.HonohrPulseCreateSurveyTest" name="verifyCreateSurveyAudioTypeQuestionDetails" time="30.321"/>
  <testcase classname="com.honohr.pulse.createsurvey.test.HonohrPulseCreateSurveyTest" name="verifyCreateSurveyVideoTypeQuestionDetails" time="30.391"/>
  <testcase classname="com.honohr.pulse.createsurvey.test.HonohrPulseCreateSurveyTest" name="verifyCreateSurveyDesignTabDetails" time="0.803"/>
  <testcase classname="com.honohr.pulse.createsurvey.test.HonohrPulseCreateSurveyTest" name="verifyCreateSurveyWelcomeTabDetails" time="7.377"/>
  <testcase classname="com.honohr.pulse.createsurvey.test.HonohrPulseCreateSurveyTest" name="verifyCreateSurveyThankYouTabDetails" time="13.258"/>
  <testcase classname="com.honohr.pulse.createsurvey.test.HonohrPulseCreateSurveyTest" name="verifyCreateSurveyPreviewDetails" time="0.259"/>
  <testcase classname="com.honohr.pulse.createsurvey.test.HonohrPulseCreateSurveyTest" name="verifyCreateSurveyPreviewStartDetails" time="17.618"/>
  <testcase classname="com.honohr.pulse.createsurvey.test.HonohrPulseCreateSurveyTest" name="verifyCreateSurveyPublishDetails" time="1.36"/>
  <testcase classname="com.honohr.pulse.createsurvey.test.HonohrPulseCreateSurveyTest" name="verifyCreateSurveyCampaignDetails" time="29.384"/>
</testsuite> <!-- Honohr pulse Create Survey sanity test suit -->
