<?xml version="1.0" encoding="UTF-8"?>
<!-- Generated by org.testng.reporters.JUnitXMLReporter -->
<testsuite ignored="0" hostname="LAPTOP-HSEDIC80" failures="0" tests="2" name="Honohr Create Survey" time="17.223" errors="0" timestamp="2023-02-21T16:43:42 IST">
  <testcase classname="com.honohr.pulse.createsurvey.test.HonohrPulseCreateSurveyTest" name="verifyDashboard" time="3.933"/>
  <testcase classname="com.honohr.pulse.createsurvey.test.HonohrPulseCreateSurveyTest" name="verifyCreateSurvey" time="1.072"/>
</testsuite> <!-- Honohr Create Survey -->
